build/app/outputs/mapping/release/mapping.txt
# compiler: R8
# compiler_version: 1.5.64
# min_api: 19
# pg_map_id: 0959651
...
com.google.android.gms.measurement.internal.zzeg -> com.google.android.gms.measurement.internal.l3:
    com.google.android.gms.measurement.internal.zzee zzb -> b
    java.lang.Object zzh -> f
    java.lang.Object zzf -> g
    java.lang.Object zze -> d
    java.lang.Object zzg -> e
    java.lang.Object zzc -> c
    java.lang.String zza -> a
    java.lang.Object zza(java.lang.Object) -> a
    java.lang.String zza() -> a
com.google.android.gms.measurement.internal.zzeh -> com.google.android.gms.measurement.internal.m3:
    com.google.android.gms.measurement.internal.zzx zza -> a
com.google.android.gms.measurement.internal.zzei -> com.google.android.gms.measurement.internal.n3:
    boolean zza(int,android.os.Parcel,android.os.Parcel,int) -> a
com.google.android.gms.measurement.internal.zzej -> com.google.android.gms.measurement.internal.o3:
    java.util.List zza(com.google.android.gms.measurement.internal.zzn,boolean) -> a
    java.util.List zza(java.lang.String,java.lang.String,com.google.android.gms.measurement.internal.zzn) -> a
    java.util.List zza(java.lang.String,java.lang.String,java.lang.String) -> a
    java.util.List zza(java.lang.String,java.lang.String,java.lang.String,boolean) -> a
    java.util.List zza(java.lang.String,java.lang.String,boolean,com.google.android.gms.measurement.internal.zzn) -> a
    void zza(long,java.lang.String,java.lang.String,java.lang.String) -> a
    void zza(android.os.Bundle,com.google.android.gms.measurement.internal.zzn) -> a
    void zza(com.google.android.gms.measurement.internal.zzar,com.google.android.gms.measurement.internal.zzn) -> a
    void zza(com.google.android.gms.measurement.internal.zzar,java.lang.String,java.lang.String) -> a
    void zza(com.google.android.gms.measurement.internal.zzkr,com.google.android.gms.measurement.internal.zzn) -> a
    void zza(com.google.android.gms.measurement.internal.zzn) -> a
    void zza(com.google.android.gms.measurement.internal.zzw) -> a
    void zza(com.google.android.gms.measurement.internal.zzw,com.google.android.gms.measurement.internal.zzn) -> a
    byte[] zza(com.google.android.gms.measurement.internal.zzar,java.lang.String) -> a
    void zze(com.google.android.gms.measurement.internal.zzn) -> b
com.google.android.gms.measurement.internal.zzek -> com.google.android.gms.measurement.internal.p3:
    java.lang.String zzd -> f
    int zzi -> j
    java.lang.String zzj -> k
    long zzg -> h
    java.lang.String zzl -> m
    long zzf -> g
    java.lang.String zzk -> l
    java.util.List zzh -> i
    int zzc -> e
    java.lang.String zza -> c
    java.lang.String zzb -> d
    java.lang.String zzaa() -> A
    java.lang.String zzab() -> B
    java.lang.String zzac() -> C
    java.lang.String zzad() -> D
    int zzae() -> E
    int zzaf() -> F
    java.util.List zzag() -> G
    java.lang.String zzah() -> H
    com.google.android.gms.measurement.internal.zzn zza(java.lang.String) -> a
    void zzc() -> b
    com.google.android.gms.measurement.internal.zzal zzk() -> c
    com.google.android.gms.measurement.internal.zzep zzn() -> d
    com.google.android.gms.measurement.internal.zzkw zzo() -> e
    com.google.android.gms.measurement.internal.zzfd zzr() -> f
    com.google.android.gms.measurement.internal.zzy zzs() -> g
    com.google.android.gms.measurement.internal.zzfo zzp() -> h
    com.google.android.gms.common.util.Clock zzl() -> i
    com.google.android.gms.measurement.internal.zzer zzq() -> j
    android.content.Context zzm() -> k
    com.google.android.gms.measurement.internal.zzx zzt() -> m
    boolean zzy() -> y
    void zzz() -> z